[debug] [2020-08-30T11:22:41.070Z] ----------------------------------------------------------------------
[debug] [2020-08-30T11:22:41.072Z] Command:       C:\Program Files\nodejs\node.exe C:\Users\cameron.smith.dav\AppData\Roaming\npm\node_modules\firebase-tools\lib\bin\firebase.js deploy --only functions
[debug] [2020-08-30T11:22:41.072Z] CLI Version:   8.9.2
[debug] [2020-08-30T11:22:41.073Z] Platform:      win32
[debug] [2020-08-30T11:22:41.073Z] Node Version:  v12.18.3
[debug] [2020-08-30T11:22:41.074Z] Time:          Sun Aug 30 2020 23:22:41 GMT+1200 (New Zealand Standard Time)
[debug] [2020-08-30T11:22:41.074Z] ----------------------------------------------------------------------
[debug] [2020-08-30T11:22:41.074Z] 
[debug] [2020-08-30T11:22:41.085Z] > command requires scopes: ["email","openid","https://www.googleapis.com/auth/cloudplatformprojects.readonly","https://www.googleapis.com/auth/firebase","https://www.googleapis.com/auth/cloud-platform"]
[debug] [2020-08-30T11:22:41.085Z] > authorizing via signed-in user
[debug] [2020-08-30T11:22:41.086Z] [iam] checking project invoice-processing-webapp for permissions ["cloudfunctions.functions.create","cloudfunctions.functions.delete","cloudfunctions.functions.get","cloudfunctions.functions.list","cloudfunctions.functions.update","cloudfunctions.operations.get","firebase.projects.get"]
[debug] [2020-08-30T11:22:41.089Z] >>> HTTP REQUEST POST https://cloudresourcemanager.googleapis.com/v1/projects/invoice-processing-webapp:testIamPermissions  
 {"permissions":["cloudfunctions.functions.create","cloudfunctions.functions.delete","cloudfunctions.functions.get","cloudfunctions.functions.list","cloudfunctions.functions.update","cloudfunctions.operations.get","firebase.projects.get"]}
[debug] [2020-08-30T11:22:42.301Z] <<< HTTP RESPONSE 200 {"content-type":"application/json; charset=UTF-8","vary":"X-Origin, Referer, Origin,Accept-Encoding","date":"Sun, 30 Aug 2020 11:22:45 GMT","server":"ESF","cache-control":"private","x-xss-protection":"0","x-frame-options":"SAMEORIGIN","x-content-type-options":"nosniff","server-timing":"gfet4t7; dur=1007","alt-svc":"h3-29=\":443\"; ma=2592000,h3-27=\":443\"; ma=2592000,h3-T051=\":443\"; ma=2592000,h3-T050=\":443\"; ma=2592000,h3-Q050=\":443\"; ma=2592000,h3-Q046=\":443\"; ma=2592000,h3-Q043=\":443\"; ma=2592000,quic=\":443\"; ma=2592000; v=\"46,43\"","accept-ranges":"none","transfer-encoding":"chunked"}
[debug] [2020-08-30T11:22:42.302Z] >>> HTTP REQUEST POST https://iam.googleapis.com/v1/projects/invoice-processing-webapp/serviceAccounts/invoice-processing-webapp@appspot.gserviceaccount.com:testIamPermissions  
 {"permissions":["iam.serviceAccounts.actAs"]}
[debug] [2020-08-30T11:22:42.806Z] <<< HTTP RESPONSE 200 {"content-type":"application/json; charset=UTF-8","vary":"X-Origin, Referer, Origin,Accept-Encoding","date":"Sun, 30 Aug 2020 11:22:45 GMT","server":"ESF","cache-control":"private","x-xss-protection":"0","x-frame-options":"SAMEORIGIN","x-content-type-options":"nosniff","alt-svc":"h3-29=\":443\"; ma=2592000,h3-27=\":443\"; ma=2592000,h3-T051=\":443\"; ma=2592000,h3-T050=\":443\"; ma=2592000,h3-Q050=\":443\"; ma=2592000,h3-Q046=\":443\"; ma=2592000,h3-Q043=\":443\"; ma=2592000,quic=\":443\"; ma=2592000; v=\"46,43\"","accept-ranges":"none","transfer-encoding":"chunked"}
[info] 
[info] === Deploying to 'invoice-processing-webapp'...
[info] 
[info] i  deploying functions 
[info] Running command: npm --prefix "$RESOURCE_DIR" run lint
[info] +  functions: Finished running predeploy script. 
[debug] [2020-08-30T11:22:48.304Z] > [functions] package.json contents: {
  "name": "functions",
  "description": "Cloud Functions for Firebase",
  "scripts": {
    "lint": "eslint .",
    "serve": "firebase emulators:start --only functions",
    "shell": "firebase functions:shell",
    "start": "npm run shell",
    "deploy": "firebase deploy --only functions",
    "logs": "firebase functions:log"
  },
  "engines": {
    "node": "10"
  },
  "main": "index.js",
  "dependencies": {
    "@google-cloud/storage": "^1.3.1",
    "child-process-promise": "^2.2.1",
    "firebase-admin": "~5.4.0"
  },
  "devDependencies": {
    "@google-cloud/storage": "^1.3.1",
    "child-process-promise": "^2.2.1",
    "eslint": "^5.12.0",
    "eslint-plugin-promise": "^4.0.1",
    "firebase-admin": "~5.4.0",
    "firebase-functions": "^3.11.0",
    "firebase-functions-test": "^0.2.0",
    "gs": "https://github.com/sina-masnadi/node-gs/tarball/master"
  },
  "private": true
}
[info] i  functions: ensuring required API cloudfunctions.googleapis.com is enabled... 
[info] i  functions: ensuring required API cloudbuild.googleapis.com is enabled... 
[debug] [2020-08-30T11:22:49.801Z] >>> HTTP REQUEST GET https://serviceusage.googleapis.com/v1/projects/invoice-processing-webapp/services/cloudfunctions.googleapis.com  
 
[debug] [2020-08-30T11:22:49.802Z] >>> HTTP REQUEST GET https://serviceusage.googleapis.com/v1/projects/invoice-processing-webapp/services/runtimeconfig.googleapis.com  
 
[debug] [2020-08-30T11:22:49.802Z] >>> HTTP REQUEST GET https://serviceusage.googleapis.com/v1/projects/invoice-processing-webapp/services/cloudbuild.googleapis.com  
 
[debug] [2020-08-30T11:22:51.349Z] <<< HTTP RESPONSE 200 {"content-type":"application/json; charset=UTF-8","vary":"X-Origin, Referer, Origin,Accept-Encoding","date":"Sun, 30 Aug 2020 11:22:54 GMT","server":"ESF","cache-control":"private","x-xss-protection":"0","x-frame-options":"SAMEORIGIN","x-content-type-options":"nosniff","alt-svc":"h3-29=\":443\"; ma=2592000,h3-27=\":443\"; ma=2592000,h3-T051=\":443\"; ma=2592000,h3-T050=\":443\"; ma=2592000,h3-Q050=\":443\"; ma=2592000,h3-Q046=\":443\"; ma=2592000,h3-Q043=\":443\"; ma=2592000,quic=\":443\"; ma=2592000; v=\"46,43\"","accept-ranges":"none","transfer-encoding":"chunked"}
[debug] [2020-08-30T11:22:51.372Z] <<< HTTP RESPONSE 200 {"content-type":"application/json; charset=UTF-8","vary":"X-Origin, Referer, Origin,Accept-Encoding","date":"Sun, 30 Aug 2020 11:22:54 GMT","server":"ESF","cache-control":"private","x-xss-protection":"0","x-frame-options":"SAMEORIGIN","x-content-type-options":"nosniff","alt-svc":"h3-29=\":443\"; ma=2592000,h3-27=\":443\"; ma=2592000,h3-T051=\":443\"; ma=2592000,h3-T050=\":443\"; ma=2592000,h3-Q050=\":443\"; ma=2592000,h3-Q046=\":443\"; ma=2592000,h3-Q043=\":443\"; ma=2592000,quic=\":443\"; ma=2592000; v=\"46,43\"","accept-ranges":"none","transfer-encoding":"chunked"}
[info] +  functions: required API cloudbuild.googleapis.com is enabled 
[debug] [2020-08-30T11:22:51.402Z] <<< HTTP RESPONSE 200 {"content-type":"application/json; charset=UTF-8","vary":"X-Origin, Referer, Origin,Accept-Encoding","date":"Sun, 30 Aug 2020 11:22:54 GMT","server":"ESF","cache-control":"private","x-xss-protection":"0","x-frame-options":"SAMEORIGIN","x-content-type-options":"nosniff","alt-svc":"h3-29=\":443\"; ma=2592000,h3-27=\":443\"; ma=2592000,h3-T051=\":443\"; ma=2592000,h3-T050=\":443\"; ma=2592000,h3-Q050=\":443\"; ma=2592000,h3-Q046=\":443\"; ma=2592000,h3-Q043=\":443\"; ma=2592000,quic=\":443\"; ma=2592000; v=\"46,43\"","accept-ranges":"none","transfer-encoding":"chunked"}
[info] +  functions: required API cloudfunctions.googleapis.com is enabled 
[debug] [2020-08-30T11:22:51.404Z] >>> HTTP REQUEST GET https://firebase.googleapis.com/v1beta1/projects/invoice-processing-webapp/adminSdkConfig  
 
[debug] [2020-08-30T11:22:52.368Z] <<< HTTP RESPONSE 200 {"content-type":"application/json; charset=UTF-8","vary":"X-Origin, Referer, Origin,Accept-Encoding","date":"Sun, 30 Aug 2020 11:22:55 GMT","server":"ESF","cache-control":"private","x-xss-protection":"0","x-frame-options":"SAMEORIGIN","x-content-type-options":"nosniff","alt-svc":"h3-29=\":443\"; ma=2592000,h3-27=\":443\"; ma=2592000,h3-T051=\":443\"; ma=2592000,h3-T050=\":443\"; ma=2592000,h3-Q050=\":443\"; ma=2592000,h3-Q046=\":443\"; ma=2592000,h3-Q043=\":443\"; ma=2592000,quic=\":443\"; ma=2592000; v=\"46,43\"","accept-ranges":"none","transfer-encoding":"chunked"}
[info] i  functions: preparing functions directory for uploading... 
[debug] [2020-08-30T11:22:52.370Z] >>> HTTP REQUEST GET https://runtimeconfig.googleapis.com/v1beta1/projects/invoice-processing-webapp/configs  
 
[debug] [2020-08-30T11:22:54.274Z] <<< HTTP RESPONSE 200 {"content-type":"application/json; charset=UTF-8","vary":"X-Origin, Referer, Origin,Accept-Encoding","date":"Sun, 30 Aug 2020 11:22:57 GMT","server":"ESF","cache-control":"private","x-xss-protection":"0","x-frame-options":"SAMEORIGIN","x-content-type-options":"nosniff","alt-svc":"h3-29=\":443\"; ma=2592000,h3-27=\":443\"; ma=2592000,h3-T051=\":443\"; ma=2592000,h3-T050=\":443\"; ma=2592000,h3-Q050=\":443\"; ma=2592000,h3-Q046=\":443\"; ma=2592000,h3-Q043=\":443\"; ma=2592000,quic=\":443\"; ma=2592000; v=\"46,43\"","accept-ranges":"none","transfer-encoding":"chunked"}
[info] i  functions: packaged functions (19.49 MB) for uploading 
[debug] [2020-08-30T11:22:56.246Z] >>> HTTP REQUEST GET https://cloudfunctions.googleapis.com/v1/projects/invoice-processing-webapp/locations/-/functions  
 
[debug] [2020-08-30T11:22:57.220Z] <<< HTTP RESPONSE 200 {"content-type":"application/json; charset=UTF-8","vary":"X-Origin, Referer, Origin,Accept-Encoding","date":"Sun, 30 Aug 2020 11:23:00 GMT","server":"ESF","cache-control":"private","x-xss-protection":"0","x-frame-options":"SAMEORIGIN","x-content-type-options":"nosniff","alt-svc":"h3-29=\":443\"; ma=2592000,h3-27=\":443\"; ma=2592000,h3-T051=\":443\"; ma=2592000,h3-T050=\":443\"; ma=2592000,h3-Q050=\":443\"; ma=2592000,h3-Q046=\":443\"; ma=2592000,h3-Q043=\":443\"; ma=2592000,quic=\":443\"; ma=2592000; v=\"46,43\"","accept-ranges":"none","transfer-encoding":"chunked"}
[debug] [2020-08-30T11:22:57.223Z] >>> HTTP REQUEST POST https://cloudfunctions.googleapis.com/v1/projects/invoice-processing-webapp/locations/us-central1/functions:generateUploadUrl  
 
[debug] [2020-08-30T11:22:58.442Z] <<< HTTP RESPONSE 200 {"content-type":"application/json; charset=UTF-8","vary":"X-Origin, Referer, Origin,Accept-Encoding","date":"Sun, 30 Aug 2020 11:23:01 GMT","server":"ESF","cache-control":"private","x-xss-protection":"0","x-frame-options":"SAMEORIGIN","x-content-type-options":"nosniff","alt-svc":"h3-29=\":443\"; ma=2592000,h3-27=\":443\"; ma=2592000,h3-T051=\":443\"; ma=2592000,h3-T050=\":443\"; ma=2592000,h3-Q050=\":443\"; ma=2592000,h3-Q046=\":443\"; ma=2592000,h3-Q043=\":443\"; ma=2592000,quic=\":443\"; ma=2592000; v=\"46,43\"","accept-ranges":"none","transfer-encoding":"chunked"}
[debug] [2020-08-30T11:22:58.444Z] >>> HTTP REQUEST PUT https://storage.googleapis.com/gcf-upload-us-central1-5c611ad8-a29f-412e-b4bd-37a4417588f4/35ed5c67-800b-4457-a960-e0371ded6665.zip?GoogleAccessId=service-462050905167@gcf-admin-robot.iam.gserviceaccount.com&Expires=1598788381&Signature=JraYDKkgH4IlmUGqs01d4Ju9r6EGrMwsgXjy6%2BLEJ579JIaRU6e2PLRPkIPLzJm4Ms3RXE09VgpA%2FeZXAzZDC6sSMUKQh0FvJW2ZlGkYO9LXKvfino0jxMUkxpxEwwMGShslujbnh8HiTjveN9iyMG5GIn2rldAWoRjHeb5ngBg%2F2%2FQ5GBUOMwJqvJnNgcWE1gab9y2vsJzQVQdq2%2B%2FRG5GZ5m37aEGdgBxAaUfsakYrMKG8TtXWvgIXwAqX2xVXBsMecJXPmV1ECgiQ9V71xwqFhXimA7UR7P95hsZrz7ToViV994NHSOLKP5pxEDd%2BtdYHWuiPXjMIH4UB7GSWjQ%3D%3D  
 <request body omitted>
[debug] [2020-08-30T11:23:03.130Z] <<< HTTP RESPONSE 200 {"x-guploader-uploadid":"ABg5-UwpmTrBJaPe8vRyIVSK1kqFjf62HgPO1yzmJVZn8NeqYSfhPyae-rhK-ell3LNl8SZk08ms6n_YZpDxgPRJ-YA","etag":"\"33462bb34df1ec14468832e87a61c9e5\"","x-goog-generation":"1598786586175385","x-goog-metageneration":"1","x-goog-hash":"crc32c=fybF3g==, md5=M0Yrs03x7BRGiDLoemHJ5Q==","x-goog-stored-content-length":"20433775","x-goog-stored-content-encoding":"identity","vary":"Origin","content-length":"0","date":"Sun, 30 Aug 2020 11:23:06 GMT","server":"UploadServer","content-type":"text/html; charset=UTF-8","alt-svc":"h3-29=\":443\"; ma=2592000,h3-27=\":443\"; ma=2592000,h3-T051=\":443\"; ma=2592000,h3-T050=\":443\"; ma=2592000,h3-Q050=\":443\"; ma=2592000,h3-Q046=\":443\"; ma=2592000,h3-Q043=\":443\"; ma=2592000,quic=\":443\"; ma=2592000; v=\"46,43\""}
[info] +  functions: functions folder uploaded successfully 
[info] i  functions: updating Node.js 10 function makePNG(us-central1)... 
[debug] [2020-08-30T11:23:03.157Z] Trigger is:  {"eventTrigger":{"resource":"projects/_/buckets/invoice-processing-webapp.appspot.com","eventType":"google.storage.object.finalize","service":"storage.googleapis.com"}}
[debug] [2020-08-30T11:23:03.160Z] >>> HTTP REQUEST PATCH https://cloudfunctions.googleapis.com/v1/projects/invoice-processing-webapp/locations/us-central1/functions/makePNG {"updateMask":"sourceUploadUrl,name,labels,runtime,environmentVariables,eventTrigger.resource,eventTrigger.eventType,eventTrigger.service,eventTrigger.failurePolicy"} 
 {"sourceUploadUrl":"https://storage.googleapis.com/gcf-upload-us-central1-5c611ad8-a29f-412e-b4bd-37a4417588f4/35ed5c67-800b-4457-a960-e0371ded6665.zip?GoogleAccessId=service-462050905167@gcf-admin-robot.iam.gserviceaccount.com&Expires=1598788381&Signature=JraYDKkgH4IlmUGqs01d4Ju9r6EGrMwsgXjy6%2BLEJ579JIaRU6e2PLRPkIPLzJm4Ms3RXE09VgpA%2FeZXAzZDC6sSMUKQh0FvJW2ZlGkYO9LXKvfino0jxMUkxpxEwwMGShslujbnh8HiTjveN9iyMG5GIn2rldAWoRjHeb5ngBg%2F2%2FQ5GBUOMwJqvJnNgcWE1gab9y2vsJzQVQdq2%2B%2FRG5GZ5m37aEGdgBxAaUfsakYrMKG8TtXWvgIXwAqX2xVXBsMecJXPmV1ECgiQ9V71xwqFhXimA7UR7P95hsZrz7ToViV994NHSOLKP5pxEDd%2BtdYHWuiPXjMIH4UB7GSWjQ%3D%3D","name":"projects/invoice-processing-webapp/locations/us-central1/functions/makePNG","labels":{"deployment-tool":"cli-firebase"},"eventTrigger":{"resource":"projects/_/buckets/invoice-processing-webapp.appspot.com","eventType":"google.storage.object.finalize","service":"storage.googleapis.com"},"runtime":"nodejs10","environmentVariables":{"FIREBASE_CONFIG":"{\"projectId\":\"invoice-processing-webapp\",\"databaseURL\":\"https://invoice-processing-webapp.firebaseio.com\",\"storageBucket\":\"invoice-processing-webapp.appspot.com\",\"locationId\":\"us-central\"}"}}
[debug] [2020-08-30T11:23:04.138Z] <<< HTTP RESPONSE 200 {"content-type":"application/json; charset=UTF-8","vary":"X-Origin, Referer, Origin,Accept-Encoding","date":"Sun, 30 Aug 2020 11:23:07 GMT","server":"ESF","cache-control":"private","x-xss-protection":"0","x-frame-options":"SAMEORIGIN","x-content-type-options":"nosniff","alt-svc":"h3-29=\":443\"; ma=2592000,h3-27=\":443\"; ma=2592000,h3-T051=\":443\"; ma=2592000,h3-T050=\":443\"; ma=2592000,h3-Q050=\":443\"; ma=2592000,h3-Q046=\":443\"; ma=2592000,h3-Q043=\":443\"; ma=2592000,quic=\":443\"; ma=2592000; v=\"46,43\"","accept-ranges":"none","transfer-encoding":"chunked"}
[debug] [2020-08-30T11:23:04.141Z] >>> HTTP REQUEST GET https://cloudfunctions.googleapis.com/v1/operations/aW52b2ljZS1wcm9jZXNzaW5nLXdlYmFwcC91cy1jZW50cmFsMS9tYWtlUE5HLzBQdDhtT1JvMlRN  
 
[debug] [2020-08-30T11:23:04.686Z] <<< HTTP RESPONSE 200 {"content-type":"application/json; charset=UTF-8","vary":"X-Origin, Referer, Origin,Accept-Encoding","date":"Sun, 30 Aug 2020 11:23:07 GMT","server":"ESF","cache-control":"private","x-xss-protection":"0","x-frame-options":"SAMEORIGIN","x-content-type-options":"nosniff","alt-svc":"h3-29=\":443\"; ma=2592000,h3-27=\":443\"; ma=2592000,h3-T051=\":443\"; ma=2592000,h3-T050=\":443\"; ma=2592000,h3-Q050=\":443\"; ma=2592000,h3-Q046=\":443\"; ma=2592000,h3-Q043=\":443\"; ma=2592000,quic=\":443\"; ma=2592000; v=\"46,43\"","accept-ranges":"none","transfer-encoding":"chunked"}
[debug] [2020-08-30T11:23:06.690Z] >>> HTTP REQUEST GET https://cloudfunctions.googleapis.com/v1/operations/aW52b2ljZS1wcm9jZXNzaW5nLXdlYmFwcC91cy1jZW50cmFsMS9tYWtlUE5HLzBQdDhtT1JvMlRN  
 
[debug] [2020-08-30T11:23:07.229Z] <<< HTTP RESPONSE 200 {"content-type":"application/json; charset=UTF-8","vary":"X-Origin, Referer, Origin,Accept-Encoding","date":"Sun, 30 Aug 2020 11:23:10 GMT","server":"ESF","cache-control":"private","x-xss-protection":"0","x-frame-options":"SAMEORIGIN","x-content-type-options":"nosniff","alt-svc":"h3-29=\":443\"; ma=2592000,h3-27=\":443\"; ma=2592000,h3-T051=\":443\"; ma=2592000,h3-T050=\":443\"; ma=2592000,h3-Q050=\":443\"; ma=2592000,h3-Q046=\":443\"; ma=2592000,h3-Q043=\":443\"; ma=2592000,quic=\":443\"; ma=2592000; v=\"46,43\"","accept-ranges":"none","transfer-encoding":"chunked"}
[debug] [2020-08-30T11:23:09.230Z] >>> HTTP REQUEST GET https://cloudfunctions.googleapis.com/v1/operations/aW52b2ljZS1wcm9jZXNzaW5nLXdlYmFwcC91cy1jZW50cmFsMS9tYWtlUE5HLzBQdDhtT1JvMlRN  
 
[debug] [2020-08-30T11:23:09.826Z] <<< HTTP RESPONSE 200 {"content-type":"application/json; charset=UTF-8","vary":"X-Origin, Referer, Origin,Accept-Encoding","date":"Sun, 30 Aug 2020 11:23:12 GMT","server":"ESF","cache-control":"private","x-xss-protection":"0","x-frame-options":"SAMEORIGIN","x-content-type-options":"nosniff","alt-svc":"h3-29=\":443\"; ma=2592000,h3-27=\":443\"; ma=2592000,h3-T051=\":443\"; ma=2592000,h3-T050=\":443\"; ma=2592000,h3-Q050=\":443\"; ma=2592000,h3-Q046=\":443\"; ma=2592000,h3-Q043=\":443\"; ma=2592000,quic=\":443\"; ma=2592000; v=\"46,43\"","accept-ranges":"none","transfer-encoding":"chunked"}
[debug] [2020-08-30T11:23:11.829Z] >>> HTTP REQUEST GET https://cloudfunctions.googleapis.com/v1/operations/aW52b2ljZS1wcm9jZXNzaW5nLXdlYmFwcC91cy1jZW50cmFsMS9tYWtlUE5HLzBQdDhtT1JvMlRN  
 
[debug] [2020-08-30T11:23:12.319Z] <<< HTTP RESPONSE 200 {"content-type":"application/json; charset=UTF-8","vary":"X-Origin, Referer, Origin,Accept-Encoding","date":"Sun, 30 Aug 2020 11:23:15 GMT","server":"ESF","cache-control":"private","x-xss-protection":"0","x-frame-options":"SAMEORIGIN","x-content-type-options":"nosniff","alt-svc":"h3-29=\":443\"; ma=2592000,h3-27=\":443\"; ma=2592000,h3-T051=\":443\"; ma=2592000,h3-T050=\":443\"; ma=2592000,h3-Q050=\":443\"; ma=2592000,h3-Q046=\":443\"; ma=2592000,h3-Q043=\":443\"; ma=2592000,quic=\":443\"; ma=2592000; v=\"46,43\"","accept-ranges":"none","transfer-encoding":"chunked"}
[debug] [2020-08-30T11:23:14.320Z] >>> HTTP REQUEST GET https://cloudfunctions.googleapis.com/v1/operations/aW52b2ljZS1wcm9jZXNzaW5nLXdlYmFwcC91cy1jZW50cmFsMS9tYWtlUE5HLzBQdDhtT1JvMlRN  
 
[debug] [2020-08-30T11:23:14.865Z] <<< HTTP RESPONSE 200 {"content-type":"application/json; charset=UTF-8","vary":"X-Origin, Referer, Origin,Accept-Encoding","date":"Sun, 30 Aug 2020 11:23:17 GMT","server":"ESF","cache-control":"private","x-xss-protection":"0","x-frame-options":"SAMEORIGIN","x-content-type-options":"nosniff","alt-svc":"h3-29=\":443\"; ma=2592000,h3-27=\":443\"; ma=2592000,h3-T051=\":443\"; ma=2592000,h3-T050=\":443\"; ma=2592000,h3-Q050=\":443\"; ma=2592000,h3-Q046=\":443\"; ma=2592000,h3-Q043=\":443\"; ma=2592000,quic=\":443\"; ma=2592000; v=\"46,43\"","accept-ranges":"none","transfer-encoding":"chunked"}
[debug] [2020-08-30T11:23:16.867Z] >>> HTTP REQUEST GET https://cloudfunctions.googleapis.com/v1/operations/aW52b2ljZS1wcm9jZXNzaW5nLXdlYmFwcC91cy1jZW50cmFsMS9tYWtlUE5HLzBQdDhtT1JvMlRN  
 
[debug] [2020-08-30T11:23:17.403Z] <<< HTTP RESPONSE 200 {"content-type":"application/json; charset=UTF-8","vary":"X-Origin, Referer, Origin,Accept-Encoding","date":"Sun, 30 Aug 2020 11:23:20 GMT","server":"ESF","cache-control":"private","x-xss-protection":"0","x-frame-options":"SAMEORIGIN","x-content-type-options":"nosniff","alt-svc":"h3-29=\":443\"; ma=2592000,h3-27=\":443\"; ma=2592000,h3-T051=\":443\"; ma=2592000,h3-T050=\":443\"; ma=2592000,h3-Q050=\":443\"; ma=2592000,h3-Q046=\":443\"; ma=2592000,h3-Q043=\":443\"; ma=2592000,quic=\":443\"; ma=2592000; v=\"46,43\"","accept-ranges":"none","transfer-encoding":"chunked"}
[debug] [2020-08-30T11:23:19.403Z] >>> HTTP REQUEST GET https://cloudfunctions.googleapis.com/v1/operations/aW52b2ljZS1wcm9jZXNzaW5nLXdlYmFwcC91cy1jZW50cmFsMS9tYWtlUE5HLzBQdDhtT1JvMlRN  
 
[debug] [2020-08-30T11:23:19.917Z] <<< HTTP RESPONSE 200 {"content-type":"application/json; charset=UTF-8","vary":"X-Origin, Referer, Origin,Accept-Encoding","date":"Sun, 30 Aug 2020 11:23:23 GMT","server":"ESF","cache-control":"private","x-xss-protection":"0","x-frame-options":"SAMEORIGIN","x-content-type-options":"nosniff","alt-svc":"h3-29=\":443\"; ma=2592000,h3-27=\":443\"; ma=2592000,h3-T051=\":443\"; ma=2592000,h3-T050=\":443\"; ma=2592000,h3-Q050=\":443\"; ma=2592000,h3-Q046=\":443\"; ma=2592000,h3-Q043=\":443\"; ma=2592000,quic=\":443\"; ma=2592000; v=\"46,43\"","accept-ranges":"none","transfer-encoding":"chunked"}
[debug] [2020-08-30T11:23:21.919Z] >>> HTTP REQUEST GET https://cloudfunctions.googleapis.com/v1/operations/aW52b2ljZS1wcm9jZXNzaW5nLXdlYmFwcC91cy1jZW50cmFsMS9tYWtlUE5HLzBQdDhtT1JvMlRN  
 
[debug] [2020-08-30T11:23:22.417Z] <<< HTTP RESPONSE 200 {"content-type":"application/json; charset=UTF-8","vary":"X-Origin, Referer, Origin,Accept-Encoding","date":"Sun, 30 Aug 2020 11:23:25 GMT","server":"ESF","cache-control":"private","x-xss-protection":"0","x-frame-options":"SAMEORIGIN","x-content-type-options":"nosniff","alt-svc":"h3-29=\":443\"; ma=2592000,h3-27=\":443\"; ma=2592000,h3-T051=\":443\"; ma=2592000,h3-T050=\":443\"; ma=2592000,h3-Q050=\":443\"; ma=2592000,h3-Q046=\":443\"; ma=2592000,h3-Q043=\":443\"; ma=2592000,quic=\":443\"; ma=2592000; v=\"46,43\"","accept-ranges":"none","transfer-encoding":"chunked"}
[debug] [2020-08-30T11:23:24.418Z] >>> HTTP REQUEST GET https://cloudfunctions.googleapis.com/v1/operations/aW52b2ljZS1wcm9jZXNzaW5nLXdlYmFwcC91cy1jZW50cmFsMS9tYWtlUE5HLzBQdDhtT1JvMlRN  
 
[debug] [2020-08-30T11:23:24.904Z] <<< HTTP RESPONSE 200 {"content-type":"application/json; charset=UTF-8","vary":"X-Origin, Referer, Origin,Accept-Encoding","date":"Sun, 30 Aug 2020 11:23:27 GMT","server":"ESF","cache-control":"private","x-xss-protection":"0","x-frame-options":"SAMEORIGIN","x-content-type-options":"nosniff","alt-svc":"h3-29=\":443\"; ma=2592000,h3-27=\":443\"; ma=2592000,h3-T051=\":443\"; ma=2592000,h3-T050=\":443\"; ma=2592000,h3-Q050=\":443\"; ma=2592000,h3-Q046=\":443\"; ma=2592000,h3-Q043=\":443\"; ma=2592000,quic=\":443\"; ma=2592000; v=\"46,43\"","accept-ranges":"none","transfer-encoding":"chunked"}
[debug] [2020-08-30T11:23:26.907Z] >>> HTTP REQUEST GET https://cloudfunctions.googleapis.com/v1/operations/aW52b2ljZS1wcm9jZXNzaW5nLXdlYmFwcC91cy1jZW50cmFsMS9tYWtlUE5HLzBQdDhtT1JvMlRN  
 
[debug] [2020-08-30T11:23:27.395Z] <<< HTTP RESPONSE 200 {"content-type":"application/json; charset=UTF-8","vary":"X-Origin, Referer, Origin,Accept-Encoding","date":"Sun, 30 Aug 2020 11:23:30 GMT","server":"ESF","cache-control":"private","x-xss-protection":"0","x-frame-options":"SAMEORIGIN","x-content-type-options":"nosniff","alt-svc":"h3-29=\":443\"; ma=2592000,h3-27=\":443\"; ma=2592000,h3-T051=\":443\"; ma=2592000,h3-T050=\":443\"; ma=2592000,h3-Q050=\":443\"; ma=2592000,h3-Q046=\":443\"; ma=2592000,h3-Q043=\":443\"; ma=2592000,quic=\":443\"; ma=2592000; v=\"46,43\"","accept-ranges":"none","transfer-encoding":"chunked"}
[debug] [2020-08-30T11:23:29.395Z] >>> HTTP REQUEST GET https://cloudfunctions.googleapis.com/v1/operations/aW52b2ljZS1wcm9jZXNzaW5nLXdlYmFwcC91cy1jZW50cmFsMS9tYWtlUE5HLzBQdDhtT1JvMlRN  
 
[debug] [2020-08-30T11:23:29.864Z] <<< HTTP RESPONSE 200 {"content-type":"application/json; charset=UTF-8","vary":"X-Origin, Referer, Origin,Accept-Encoding","date":"Sun, 30 Aug 2020 11:23:32 GMT","server":"ESF","cache-control":"private","x-xss-protection":"0","x-frame-options":"SAMEORIGIN","x-content-type-options":"nosniff","alt-svc":"h3-29=\":443\"; ma=2592000,h3-27=\":443\"; ma=2592000,h3-T051=\":443\"; ma=2592000,h3-T050=\":443\"; ma=2592000,h3-Q050=\":443\"; ma=2592000,h3-Q046=\":443\"; ma=2592000,h3-Q043=\":443\"; ma=2592000,quic=\":443\"; ma=2592000; v=\"46,43\"","accept-ranges":"none","transfer-encoding":"chunked"}
[debug] [2020-08-30T11:23:31.866Z] >>> HTTP REQUEST GET https://cloudfunctions.googleapis.com/v1/operations/aW52b2ljZS1wcm9jZXNzaW5nLXdlYmFwcC91cy1jZW50cmFsMS9tYWtlUE5HLzBQdDhtT1JvMlRN  
 
[debug] [2020-08-30T11:23:32.353Z] <<< HTTP RESPONSE 200 {"content-type":"application/json; charset=UTF-8","vary":"X-Origin, Referer, Origin,Accept-Encoding","date":"Sun, 30 Aug 2020 11:23:35 GMT","server":"ESF","cache-control":"private","x-xss-protection":"0","x-frame-options":"SAMEORIGIN","x-content-type-options":"nosniff","alt-svc":"h3-29=\":443\"; ma=2592000,h3-27=\":443\"; ma=2592000,h3-T051=\":443\"; ma=2592000,h3-T050=\":443\"; ma=2592000,h3-Q050=\":443\"; ma=2592000,h3-Q046=\":443\"; ma=2592000,h3-Q043=\":443\"; ma=2592000,quic=\":443\"; ma=2592000; v=\"46,43\"","accept-ranges":"none","transfer-encoding":"chunked"}
[debug] [2020-08-30T11:23:34.355Z] >>> HTTP REQUEST GET https://cloudfunctions.googleapis.com/v1/operations/aW52b2ljZS1wcm9jZXNzaW5nLXdlYmFwcC91cy1jZW50cmFsMS9tYWtlUE5HLzBQdDhtT1JvMlRN  
 
[debug] [2020-08-30T11:23:34.821Z] <<< HTTP RESPONSE 200 {"content-type":"application/json; charset=UTF-8","vary":"X-Origin, Referer, Origin,Accept-Encoding","date":"Sun, 30 Aug 2020 11:23:37 GMT","server":"ESF","cache-control":"private","x-xss-protection":"0","x-frame-options":"SAMEORIGIN","x-content-type-options":"nosniff","alt-svc":"h3-29=\":443\"; ma=2592000,h3-27=\":443\"; ma=2592000,h3-T051=\":443\"; ma=2592000,h3-T050=\":443\"; ma=2592000,h3-Q050=\":443\"; ma=2592000,h3-Q046=\":443\"; ma=2592000,h3-Q043=\":443\"; ma=2592000,quic=\":443\"; ma=2592000; v=\"46,43\"","accept-ranges":"none","transfer-encoding":"chunked"}
[debug] [2020-08-30T11:23:36.823Z] >>> HTTP REQUEST GET https://cloudfunctions.googleapis.com/v1/operations/aW52b2ljZS1wcm9jZXNzaW5nLXdlYmFwcC91cy1jZW50cmFsMS9tYWtlUE5HLzBQdDhtT1JvMlRN  
 
[debug] [2020-08-30T11:23:37.435Z] <<< HTTP RESPONSE 200 {"content-type":"application/json; charset=UTF-8","vary":"X-Origin, Referer, Origin,Accept-Encoding","date":"Sun, 30 Aug 2020 11:23:40 GMT","server":"ESF","cache-control":"private","x-xss-protection":"0","x-frame-options":"SAMEORIGIN","x-content-type-options":"nosniff","alt-svc":"h3-29=\":443\"; ma=2592000,h3-27=\":443\"; ma=2592000,h3-T051=\":443\"; ma=2592000,h3-T050=\":443\"; ma=2592000,h3-Q050=\":443\"; ma=2592000,h3-Q046=\":443\"; ma=2592000,h3-Q043=\":443\"; ma=2592000,quic=\":443\"; ma=2592000; v=\"46,43\"","accept-ranges":"none","transfer-encoding":"chunked"}
[debug] [2020-08-30T11:23:39.438Z] >>> HTTP REQUEST GET https://cloudfunctions.googleapis.com/v1/operations/aW52b2ljZS1wcm9jZXNzaW5nLXdlYmFwcC91cy1jZW50cmFsMS9tYWtlUE5HLzBQdDhtT1JvMlRN  
 
[debug] [2020-08-30T11:23:39.909Z] <<< HTTP RESPONSE 200 {"content-type":"application/json; charset=UTF-8","vary":"X-Origin, Referer, Origin,Accept-Encoding","date":"Sun, 30 Aug 2020 11:23:42 GMT","server":"ESF","cache-control":"private","x-xss-protection":"0","x-frame-options":"SAMEORIGIN","x-content-type-options":"nosniff","alt-svc":"h3-29=\":443\"; ma=2592000,h3-27=\":443\"; ma=2592000,h3-T051=\":443\"; ma=2592000,h3-T050=\":443\"; ma=2592000,h3-Q050=\":443\"; ma=2592000,h3-Q046=\":443\"; ma=2592000,h3-Q043=\":443\"; ma=2592000,quic=\":443\"; ma=2592000; v=\"46,43\"","accept-ranges":"none","transfer-encoding":"chunked"}
[debug] [2020-08-30T11:23:41.910Z] >>> HTTP REQUEST GET https://cloudfunctions.googleapis.com/v1/operations/aW52b2ljZS1wcm9jZXNzaW5nLXdlYmFwcC91cy1jZW50cmFsMS9tYWtlUE5HLzBQdDhtT1JvMlRN  
 
[debug] [2020-08-30T11:23:42.444Z] <<< HTTP RESPONSE 200 {"content-type":"application/json; charset=UTF-8","vary":"X-Origin, Referer, Origin,Accept-Encoding","date":"Sun, 30 Aug 2020 11:23:45 GMT","server":"ESF","cache-control":"private","x-xss-protection":"0","x-frame-options":"SAMEORIGIN","x-content-type-options":"nosniff","alt-svc":"h3-29=\":443\"; ma=2592000,h3-27=\":443\"; ma=2592000,h3-T051=\":443\"; ma=2592000,h3-T050=\":443\"; ma=2592000,h3-Q050=\":443\"; ma=2592000,h3-Q046=\":443\"; ma=2592000,h3-Q043=\":443\"; ma=2592000,quic=\":443\"; ma=2592000; v=\"46,43\"","accept-ranges":"none","transfer-encoding":"chunked"}
[debug] [2020-08-30T11:23:44.447Z] >>> HTTP REQUEST GET https://cloudfunctions.googleapis.com/v1/operations/aW52b2ljZS1wcm9jZXNzaW5nLXdlYmFwcC91cy1jZW50cmFsMS9tYWtlUE5HLzBQdDhtT1JvMlRN  
 
[debug] [2020-08-30T11:23:44.953Z] <<< HTTP RESPONSE 200 {"content-type":"application/json; charset=UTF-8","vary":"X-Origin, Referer, Origin,Accept-Encoding","date":"Sun, 30 Aug 2020 11:23:48 GMT","server":"ESF","cache-control":"private","x-xss-protection":"0","x-frame-options":"SAMEORIGIN","x-content-type-options":"nosniff","alt-svc":"h3-29=\":443\"; ma=2592000,h3-27=\":443\"; ma=2592000,h3-T051=\":443\"; ma=2592000,h3-T050=\":443\"; ma=2592000,h3-Q050=\":443\"; ma=2592000,h3-Q046=\":443\"; ma=2592000,h3-Q043=\":443\"; ma=2592000,quic=\":443\"; ma=2592000; v=\"46,43\"","accept-ranges":"none","transfer-encoding":"chunked"}
[debug] [2020-08-30T11:23:46.965Z] >>> HTTP REQUEST GET https://cloudfunctions.googleapis.com/v1/operations/aW52b2ljZS1wcm9jZXNzaW5nLXdlYmFwcC91cy1jZW50cmFsMS9tYWtlUE5HLzBQdDhtT1JvMlRN  
 
[debug] [2020-08-30T11:23:47.502Z] <<< HTTP RESPONSE 200 {"content-type":"application/json; charset=UTF-8","vary":"X-Origin, Referer, Origin,Accept-Encoding","date":"Sun, 30 Aug 2020 11:23:50 GMT","server":"ESF","cache-control":"private","x-xss-protection":"0","x-frame-options":"SAMEORIGIN","x-content-type-options":"nosniff","alt-svc":"h3-29=\":443\"; ma=2592000,h3-27=\":443\"; ma=2592000,h3-T051=\":443\"; ma=2592000,h3-T050=\":443\"; ma=2592000,h3-Q050=\":443\"; ma=2592000,h3-Q046=\":443\"; ma=2592000,h3-Q043=\":443\"; ma=2592000,quic=\":443\"; ma=2592000; v=\"46,43\"","accept-ranges":"none","transfer-encoding":"chunked"}
[debug] [2020-08-30T11:23:49.503Z] >>> HTTP REQUEST GET https://cloudfunctions.googleapis.com/v1/operations/aW52b2ljZS1wcm9jZXNzaW5nLXdlYmFwcC91cy1jZW50cmFsMS9tYWtlUE5HLzBQdDhtT1JvMlRN  
 
[debug] [2020-08-30T11:23:49.963Z] <<< HTTP RESPONSE 200 {"content-type":"application/json; charset=UTF-8","vary":"X-Origin, Referer, Origin,Accept-Encoding","date":"Sun, 30 Aug 2020 11:23:53 GMT","server":"ESF","cache-control":"private","x-xss-protection":"0","x-frame-options":"SAMEORIGIN","x-content-type-options":"nosniff","alt-svc":"h3-29=\":443\"; ma=2592000,h3-27=\":443\"; ma=2592000,h3-T051=\":443\"; ma=2592000,h3-T050=\":443\"; ma=2592000,h3-Q050=\":443\"; ma=2592000,h3-Q046=\":443\"; ma=2592000,h3-Q043=\":443\"; ma=2592000,quic=\":443\"; ma=2592000; v=\"46,43\"","accept-ranges":"none","transfer-encoding":"chunked"}
[debug] [2020-08-30T11:23:51.965Z] >>> HTTP REQUEST GET https://cloudfunctions.googleapis.com/v1/operations/aW52b2ljZS1wcm9jZXNzaW5nLXdlYmFwcC91cy1jZW50cmFsMS9tYWtlUE5HLzBQdDhtT1JvMlRN  
 
[debug] [2020-08-30T11:23:52.458Z] <<< HTTP RESPONSE 200 {"content-type":"application/json; charset=UTF-8","vary":"X-Origin, Referer, Origin,Accept-Encoding","date":"Sun, 30 Aug 2020 11:23:55 GMT","server":"ESF","cache-control":"private","x-xss-protection":"0","x-frame-options":"SAMEORIGIN","x-content-type-options":"nosniff","alt-svc":"h3-29=\":443\"; ma=2592000,h3-27=\":443\"; ma=2592000,h3-T051=\":443\"; ma=2592000,h3-T050=\":443\"; ma=2592000,h3-Q050=\":443\"; ma=2592000,h3-Q046=\":443\"; ma=2592000,h3-Q043=\":443\"; ma=2592000,quic=\":443\"; ma=2592000; v=\"46,43\"","accept-ranges":"none","transfer-encoding":"chunked"}
[debug] [2020-08-30T11:23:54.460Z] >>> HTTP REQUEST GET https://cloudfunctions.googleapis.com/v1/operations/aW52b2ljZS1wcm9jZXNzaW5nLXdlYmFwcC91cy1jZW50cmFsMS9tYWtlUE5HLzBQdDhtT1JvMlRN  
 
[debug] [2020-08-30T11:23:55.820Z] <<< HTTP RESPONSE 200 {"content-type":"application/json; charset=UTF-8","vary":"X-Origin, Referer, Origin,Accept-Encoding","date":"Sun, 30 Aug 2020 11:23:58 GMT","server":"ESF","cache-control":"private","x-xss-protection":"0","x-frame-options":"SAMEORIGIN","x-content-type-options":"nosniff","alt-svc":"h3-29=\":443\"; ma=2592000,h3-27=\":443\"; ma=2592000,h3-T051=\":443\"; ma=2592000,h3-T050=\":443\"; ma=2592000,h3-Q050=\":443\"; ma=2592000,h3-Q046=\":443\"; ma=2592000,h3-Q043=\":443\"; ma=2592000,quic=\":443\"; ma=2592000; v=\"46,43\"","accept-ranges":"none","transfer-encoding":"chunked"}
[debug] [2020-08-30T11:23:57.820Z] >>> HTTP REQUEST GET https://cloudfunctions.googleapis.com/v1/operations/aW52b2ljZS1wcm9jZXNzaW5nLXdlYmFwcC91cy1jZW50cmFsMS9tYWtlUE5HLzBQdDhtT1JvMlRN  
 
[debug] [2020-08-30T11:23:58.362Z] <<< HTTP RESPONSE 200 {"content-type":"application/json; charset=UTF-8","vary":"X-Origin, Referer, Origin,Accept-Encoding","date":"Sun, 30 Aug 2020 11:24:01 GMT","server":"ESF","cache-control":"private","x-xss-protection":"0","x-frame-options":"SAMEORIGIN","x-content-type-options":"nosniff","alt-svc":"h3-29=\":443\"; ma=2592000,h3-27=\":443\"; ma=2592000,h3-T051=\":443\"; ma=2592000,h3-T050=\":443\"; ma=2592000,h3-Q050=\":443\"; ma=2592000,h3-Q046=\":443\"; ma=2592000,h3-Q043=\":443\"; ma=2592000,quic=\":443\"; ma=2592000; v=\"46,43\"","accept-ranges":"none","transfer-encoding":"chunked"}
[debug] [2020-08-30T11:24:00.364Z] >>> HTTP REQUEST GET https://cloudfunctions.googleapis.com/v1/operations/aW52b2ljZS1wcm9jZXNzaW5nLXdlYmFwcC91cy1jZW50cmFsMS9tYWtlUE5HLzBQdDhtT1JvMlRN  
 
[debug] [2020-08-30T11:24:00.836Z] <<< HTTP RESPONSE 200 {"content-type":"application/json; charset=UTF-8","vary":"X-Origin, Referer, Origin,Accept-Encoding","date":"Sun, 30 Aug 2020 11:24:03 GMT","server":"ESF","cache-control":"private","x-xss-protection":"0","x-frame-options":"SAMEORIGIN","x-content-type-options":"nosniff","alt-svc":"h3-29=\":443\"; ma=2592000,h3-27=\":443\"; ma=2592000,h3-T051=\":443\"; ma=2592000,h3-T050=\":443\"; ma=2592000,h3-Q050=\":443\"; ma=2592000,h3-Q046=\":443\"; ma=2592000,h3-Q043=\":443\"; ma=2592000,quic=\":443\"; ma=2592000; v=\"46,43\"","accept-ranges":"none","transfer-encoding":"chunked"}
[debug] [2020-08-30T11:24:02.838Z] >>> HTTP REQUEST GET https://cloudfunctions.googleapis.com/v1/operations/aW52b2ljZS1wcm9jZXNzaW5nLXdlYmFwcC91cy1jZW50cmFsMS9tYWtlUE5HLzBQdDhtT1JvMlRN  
 
[debug] [2020-08-30T11:24:03.356Z] <<< HTTP RESPONSE 200 {"content-type":"application/json; charset=UTF-8","vary":"X-Origin, Referer, Origin,Accept-Encoding","date":"Sun, 30 Aug 2020 11:24:06 GMT","server":"ESF","cache-control":"private","x-xss-protection":"0","x-frame-options":"SAMEORIGIN","x-content-type-options":"nosniff","alt-svc":"h3-29=\":443\"; ma=2592000,h3-27=\":443\"; ma=2592000,h3-T051=\":443\"; ma=2592000,h3-T050=\":443\"; ma=2592000,h3-Q050=\":443\"; ma=2592000,h3-Q046=\":443\"; ma=2592000,h3-Q043=\":443\"; ma=2592000,quic=\":443\"; ma=2592000; v=\"46,43\"","accept-ranges":"none","transfer-encoding":"chunked"}
[debug] [2020-08-30T11:24:05.362Z] >>> HTTP REQUEST GET https://cloudfunctions.googleapis.com/v1/operations/aW52b2ljZS1wcm9jZXNzaW5nLXdlYmFwcC91cy1jZW50cmFsMS9tYWtlUE5HLzBQdDhtT1JvMlRN  
 
[debug] [2020-08-30T11:24:05.832Z] <<< HTTP RESPONSE 200 {"content-type":"application/json; charset=UTF-8","vary":"X-Origin, Referer, Origin,Accept-Encoding","date":"Sun, 30 Aug 2020 11:24:08 GMT","server":"ESF","cache-control":"private","x-xss-protection":"0","x-frame-options":"SAMEORIGIN","x-content-type-options":"nosniff","alt-svc":"h3-29=\":443\"; ma=2592000,h3-27=\":443\"; ma=2592000,h3-T051=\":443\"; ma=2592000,h3-T050=\":443\"; ma=2592000,h3-Q050=\":443\"; ma=2592000,h3-Q046=\":443\"; ma=2592000,h3-Q043=\":443\"; ma=2592000,quic=\":443\"; ma=2592000; v=\"46,43\"","accept-ranges":"none","transfer-encoding":"chunked"}
[debug] [2020-08-30T11:24:07.834Z] >>> HTTP REQUEST GET https://cloudfunctions.googleapis.com/v1/operations/aW52b2ljZS1wcm9jZXNzaW5nLXdlYmFwcC91cy1jZW50cmFsMS9tYWtlUE5HLzBQdDhtT1JvMlRN  
 
[debug] [2020-08-30T11:24:08.328Z] <<< HTTP RESPONSE 200 {"content-type":"application/json; charset=UTF-8","vary":"X-Origin, Referer, Origin,Accept-Encoding","date":"Sun, 30 Aug 2020 11:24:11 GMT","server":"ESF","cache-control":"private","x-xss-protection":"0","x-frame-options":"SAMEORIGIN","x-content-type-options":"nosniff","alt-svc":"h3-29=\":443\"; ma=2592000,h3-27=\":443\"; ma=2592000,h3-T051=\":443\"; ma=2592000,h3-T050=\":443\"; ma=2592000,h3-Q050=\":443\"; ma=2592000,h3-Q046=\":443\"; ma=2592000,h3-Q043=\":443\"; ma=2592000,quic=\":443\"; ma=2592000; v=\"46,43\"","accept-ranges":"none","transfer-encoding":"chunked"}
[debug] [2020-08-30T11:24:10.330Z] >>> HTTP REQUEST GET https://cloudfunctions.googleapis.com/v1/operations/aW52b2ljZS1wcm9jZXNzaW5nLXdlYmFwcC91cy1jZW50cmFsMS9tYWtlUE5HLzBQdDhtT1JvMlRN  
 
[debug] [2020-08-30T11:24:10.810Z] <<< HTTP RESPONSE 200 {"content-type":"application/json; charset=UTF-8","vary":"X-Origin, Referer, Origin,Accept-Encoding","date":"Sun, 30 Aug 2020 11:24:13 GMT","server":"ESF","cache-control":"private","x-xss-protection":"0","x-frame-options":"SAMEORIGIN","x-content-type-options":"nosniff","alt-svc":"h3-29=\":443\"; ma=2592000,h3-27=\":443\"; ma=2592000,h3-T051=\":443\"; ma=2592000,h3-T050=\":443\"; ma=2592000,h3-Q050=\":443\"; ma=2592000,h3-Q046=\":443\"; ma=2592000,h3-Q043=\":443\"; ma=2592000,quic=\":443\"; ma=2592000; v=\"46,43\"","accept-ranges":"none","transfer-encoding":"chunked"}
[debug] [2020-08-30T11:24:12.813Z] >>> HTTP REQUEST GET https://cloudfunctions.googleapis.com/v1/operations/aW52b2ljZS1wcm9jZXNzaW5nLXdlYmFwcC91cy1jZW50cmFsMS9tYWtlUE5HLzBQdDhtT1JvMlRN  
 
[debug] [2020-08-30T11:24:13.274Z] <<< HTTP RESPONSE 200 {"content-type":"application/json; charset=UTF-8","vary":"X-Origin, Referer, Origin,Accept-Encoding","date":"Sun, 30 Aug 2020 11:24:16 GMT","server":"ESF","cache-control":"private","x-xss-protection":"0","x-frame-options":"SAMEORIGIN","x-content-type-options":"nosniff","alt-svc":"h3-29=\":443\"; ma=2592000,h3-27=\":443\"; ma=2592000,h3-T051=\":443\"; ma=2592000,h3-T050=\":443\"; ma=2592000,h3-Q050=\":443\"; ma=2592000,h3-Q046=\":443\"; ma=2592000,h3-Q043=\":443\"; ma=2592000,quic=\":443\"; ma=2592000; v=\"46,43\"","accept-ranges":"none","transfer-encoding":"chunked"}
[debug] [2020-08-30T11:24:15.276Z] >>> HTTP REQUEST GET https://cloudfunctions.googleapis.com/v1/operations/aW52b2ljZS1wcm9jZXNzaW5nLXdlYmFwcC91cy1jZW50cmFsMS9tYWtlUE5HLzBQdDhtT1JvMlRN  
 
[debug] [2020-08-30T11:24:15.760Z] <<< HTTP RESPONSE 200 {"content-type":"application/json; charset=UTF-8","vary":"X-Origin, Referer, Origin,Accept-Encoding","date":"Sun, 30 Aug 2020 11:24:18 GMT","server":"ESF","cache-control":"private","x-xss-protection":"0","x-frame-options":"SAMEORIGIN","x-content-type-options":"nosniff","alt-svc":"h3-29=\":443\"; ma=2592000,h3-27=\":443\"; ma=2592000,h3-T051=\":443\"; ma=2592000,h3-T050=\":443\"; ma=2592000,h3-Q050=\":443\"; ma=2592000,h3-Q046=\":443\"; ma=2592000,h3-Q043=\":443\"; ma=2592000,quic=\":443\"; ma=2592000; v=\"46,43\"","accept-ranges":"none","transfer-encoding":"chunked"}
[debug] [2020-08-30T11:24:17.762Z] >>> HTTP REQUEST GET https://cloudfunctions.googleapis.com/v1/operations/aW52b2ljZS1wcm9jZXNzaW5nLXdlYmFwcC91cy1jZW50cmFsMS9tYWtlUE5HLzBQdDhtT1JvMlRN  
 
[debug] [2020-08-30T11:24:18.361Z] <<< HTTP RESPONSE 200 {"content-type":"application/json; charset=UTF-8","vary":"X-Origin, Referer, Origin,Accept-Encoding","date":"Sun, 30 Aug 2020 11:24:21 GMT","server":"ESF","cache-control":"private","x-xss-protection":"0","x-frame-options":"SAMEORIGIN","x-content-type-options":"nosniff","alt-svc":"h3-29=\":443\"; ma=2592000,h3-27=\":443\"; ma=2592000,h3-T051=\":443\"; ma=2592000,h3-T050=\":443\"; ma=2592000,h3-Q050=\":443\"; ma=2592000,h3-Q046=\":443\"; ma=2592000,h3-Q043=\":443\"; ma=2592000,quic=\":443\"; ma=2592000; v=\"46,43\"","accept-ranges":"none","transfer-encoding":"chunked"}
[debug] [2020-08-30T11:24:20.364Z] >>> HTTP REQUEST GET https://cloudfunctions.googleapis.com/v1/operations/aW52b2ljZS1wcm9jZXNzaW5nLXdlYmFwcC91cy1jZW50cmFsMS9tYWtlUE5HLzBQdDhtT1JvMlRN  
 
[debug] [2020-08-30T11:24:20.905Z] <<< HTTP RESPONSE 200 {"content-type":"application/json; charset=UTF-8","vary":"X-Origin, Referer, Origin,Accept-Encoding","date":"Sun, 30 Aug 2020 11:24:23 GMT","server":"ESF","cache-control":"private","x-xss-protection":"0","x-frame-options":"SAMEORIGIN","x-content-type-options":"nosniff","alt-svc":"h3-29=\":443\"; ma=2592000,h3-27=\":443\"; ma=2592000,h3-T051=\":443\"; ma=2592000,h3-T050=\":443\"; ma=2592000,h3-Q050=\":443\"; ma=2592000,h3-Q046=\":443\"; ma=2592000,h3-Q043=\":443\"; ma=2592000,quic=\":443\"; ma=2592000; v=\"46,43\"","accept-ranges":"none","transfer-encoding":"chunked"}
[debug] [2020-08-30T11:24:22.908Z] >>> HTTP REQUEST GET https://cloudfunctions.googleapis.com/v1/operations/aW52b2ljZS1wcm9jZXNzaW5nLXdlYmFwcC91cy1jZW50cmFsMS9tYWtlUE5HLzBQdDhtT1JvMlRN  
 
[debug] [2020-08-30T11:24:23.417Z] <<< HTTP RESPONSE 200 {"content-type":"application/json; charset=UTF-8","vary":"X-Origin, Referer, Origin,Accept-Encoding","date":"Sun, 30 Aug 2020 11:24:26 GMT","server":"ESF","cache-control":"private","x-xss-protection":"0","x-frame-options":"SAMEORIGIN","x-content-type-options":"nosniff","alt-svc":"h3-29=\":443\"; ma=2592000,h3-27=\":443\"; ma=2592000,h3-T051=\":443\"; ma=2592000,h3-T050=\":443\"; ma=2592000,h3-Q050=\":443\"; ma=2592000,h3-Q046=\":443\"; ma=2592000,h3-Q043=\":443\"; ma=2592000,quic=\":443\"; ma=2592000; v=\"46,43\"","accept-ranges":"none","transfer-encoding":"chunked"}
[debug] [2020-08-30T11:24:25.418Z] >>> HTTP REQUEST GET https://cloudfunctions.googleapis.com/v1/operations/aW52b2ljZS1wcm9jZXNzaW5nLXdlYmFwcC91cy1jZW50cmFsMS9tYWtlUE5HLzBQdDhtT1JvMlRN  
 
[debug] [2020-08-30T11:24:25.924Z] <<< HTTP RESPONSE 200 {"content-type":"application/json; charset=UTF-8","vary":"X-Origin, Referer, Origin,Accept-Encoding","date":"Sun, 30 Aug 2020 11:24:29 GMT","server":"ESF","cache-control":"private","x-xss-protection":"0","x-frame-options":"SAMEORIGIN","x-content-type-options":"nosniff","alt-svc":"h3-29=\":443\"; ma=2592000,h3-27=\":443\"; ma=2592000,h3-T051=\":443\"; ma=2592000,h3-T050=\":443\"; ma=2592000,h3-Q050=\":443\"; ma=2592000,h3-Q046=\":443\"; ma=2592000,h3-Q043=\":443\"; ma=2592000,quic=\":443\"; ma=2592000; v=\"46,43\"","accept-ranges":"none","transfer-encoding":"chunked"}
[debug] [2020-08-30T11:24:27.926Z] >>> HTTP REQUEST GET https://cloudfunctions.googleapis.com/v1/operations/aW52b2ljZS1wcm9jZXNzaW5nLXdlYmFwcC91cy1jZW50cmFsMS9tYWtlUE5HLzBQdDhtT1JvMlRN  
 
[debug] [2020-08-30T11:24:28.390Z] <<< HTTP RESPONSE 200 {"content-type":"application/json; charset=UTF-8","vary":"X-Origin, Referer, Origin,Accept-Encoding","date":"Sun, 30 Aug 2020 11:24:31 GMT","server":"ESF","cache-control":"private","x-xss-protection":"0","x-frame-options":"SAMEORIGIN","x-content-type-options":"nosniff","alt-svc":"h3-29=\":443\"; ma=2592000,h3-27=\":443\"; ma=2592000,h3-T051=\":443\"; ma=2592000,h3-T050=\":443\"; ma=2592000,h3-Q050=\":443\"; ma=2592000,h3-Q046=\":443\"; ma=2592000,h3-Q043=\":443\"; ma=2592000,quic=\":443\"; ma=2592000; v=\"46,43\"","accept-ranges":"none","transfer-encoding":"chunked"}
[debug] [2020-08-30T11:24:30.391Z] >>> HTTP REQUEST GET https://cloudfunctions.googleapis.com/v1/operations/aW52b2ljZS1wcm9jZXNzaW5nLXdlYmFwcC91cy1jZW50cmFsMS9tYWtlUE5HLzBQdDhtT1JvMlRN  
 
[debug] [2020-08-30T11:24:30.863Z] <<< HTTP RESPONSE 200 {"content-type":"application/json; charset=UTF-8","vary":"X-Origin, Referer, Origin,Accept-Encoding","date":"Sun, 30 Aug 2020 11:24:33 GMT","server":"ESF","cache-control":"private","x-xss-protection":"0","x-frame-options":"SAMEORIGIN","x-content-type-options":"nosniff","alt-svc":"h3-29=\":443\"; ma=2592000,h3-27=\":443\"; ma=2592000,h3-T051=\":443\"; ma=2592000,h3-T050=\":443\"; ma=2592000,h3-Q050=\":443\"; ma=2592000,h3-Q046=\":443\"; ma=2592000,h3-Q043=\":443\"; ma=2592000,quic=\":443\"; ma=2592000; v=\"46,43\"","accept-ranges":"none","transfer-encoding":"chunked"}
[debug] [2020-08-30T11:24:32.864Z] >>> HTTP REQUEST GET https://cloudfunctions.googleapis.com/v1/operations/aW52b2ljZS1wcm9jZXNzaW5nLXdlYmFwcC91cy1jZW50cmFsMS9tYWtlUE5HLzBQdDhtT1JvMlRN  
 
[debug] [2020-08-30T11:24:33.483Z] <<< HTTP RESPONSE 200 {"content-type":"application/json; charset=UTF-8","vary":"X-Origin, Referer, Origin,Accept-Encoding","date":"Sun, 30 Aug 2020 11:24:36 GMT","server":"ESF","cache-control":"private","x-xss-protection":"0","x-frame-options":"SAMEORIGIN","x-content-type-options":"nosniff","alt-svc":"h3-29=\":443\"; ma=2592000,h3-27=\":443\"; ma=2592000,h3-T051=\":443\"; ma=2592000,h3-T050=\":443\"; ma=2592000,h3-Q050=\":443\"; ma=2592000,h3-Q046=\":443\"; ma=2592000,h3-Q043=\":443\"; ma=2592000,quic=\":443\"; ma=2592000; v=\"46,43\"","accept-ranges":"none","transfer-encoding":"chunked"}
[debug] [2020-08-30T11:24:35.485Z] >>> HTTP REQUEST GET https://cloudfunctions.googleapis.com/v1/operations/aW52b2ljZS1wcm9jZXNzaW5nLXdlYmFwcC91cy1jZW50cmFsMS9tYWtlUE5HLzBQdDhtT1JvMlRN  
 
[debug] [2020-08-30T11:24:35.964Z] <<< HTTP RESPONSE 200 {"content-type":"application/json; charset=UTF-8","vary":"X-Origin, Referer, Origin,Accept-Encoding","date":"Sun, 30 Aug 2020 11:24:39 GMT","server":"ESF","cache-control":"private","x-xss-protection":"0","x-frame-options":"SAMEORIGIN","x-content-type-options":"nosniff","alt-svc":"h3-29=\":443\"; ma=2592000,h3-27=\":443\"; ma=2592000,h3-T051=\":443\"; ma=2592000,h3-T050=\":443\"; ma=2592000,h3-Q050=\":443\"; ma=2592000,h3-Q046=\":443\"; ma=2592000,h3-Q043=\":443\"; ma=2592000,quic=\":443\"; ma=2592000; v=\"46,43\"","accept-ranges":"none","transfer-encoding":"chunked"}
[debug] [2020-08-30T11:24:37.966Z] >>> HTTP REQUEST GET https://cloudfunctions.googleapis.com/v1/operations/aW52b2ljZS1wcm9jZXNzaW5nLXdlYmFwcC91cy1jZW50cmFsMS9tYWtlUE5HLzBQdDhtT1JvMlRN  
 
[debug] [2020-08-30T11:24:38.442Z] <<< HTTP RESPONSE 200 {"content-type":"application/json; charset=UTF-8","vary":"X-Origin, Referer, Origin,Accept-Encoding","date":"Sun, 30 Aug 2020 11:24:41 GMT","server":"ESF","cache-control":"private","x-xss-protection":"0","x-frame-options":"SAMEORIGIN","x-content-type-options":"nosniff","alt-svc":"h3-29=\":443\"; ma=2592000,h3-27=\":443\"; ma=2592000,h3-T051=\":443\"; ma=2592000,h3-T050=\":443\"; ma=2592000,h3-Q050=\":443\"; ma=2592000,h3-Q046=\":443\"; ma=2592000,h3-Q043=\":443\"; ma=2592000,quic=\":443\"; ma=2592000; v=\"46,43\"","accept-ranges":"none","transfer-encoding":"chunked"}
[debug] [2020-08-30T11:24:40.445Z] >>> HTTP REQUEST GET https://cloudfunctions.googleapis.com/v1/operations/aW52b2ljZS1wcm9jZXNzaW5nLXdlYmFwcC91cy1jZW50cmFsMS9tYWtlUE5HLzBQdDhtT1JvMlRN  
 
[debug] [2020-08-30T11:24:40.991Z] <<< HTTP RESPONSE 200 {"content-type":"application/json; charset=UTF-8","vary":"X-Origin, Referer, Origin,Accept-Encoding","date":"Sun, 30 Aug 2020 11:24:44 GMT","server":"ESF","cache-control":"private","x-xss-protection":"0","x-frame-options":"SAMEORIGIN","x-content-type-options":"nosniff","alt-svc":"h3-29=\":443\"; ma=2592000,h3-27=\":443\"; ma=2592000,h3-T051=\":443\"; ma=2592000,h3-T050=\":443\"; ma=2592000,h3-Q050=\":443\"; ma=2592000,h3-Q046=\":443\"; ma=2592000,h3-Q043=\":443\"; ma=2592000,quic=\":443\"; ma=2592000; v=\"46,43\"","accept-ranges":"none","transfer-encoding":"chunked"}
[debug] [2020-08-30T11:24:42.992Z] >>> HTTP REQUEST GET https://cloudfunctions.googleapis.com/v1/operations/aW52b2ljZS1wcm9jZXNzaW5nLXdlYmFwcC91cy1jZW50cmFsMS9tYWtlUE5HLzBQdDhtT1JvMlRN  
 
[debug] [2020-08-30T11:24:43.460Z] <<< HTTP RESPONSE 200 {"content-type":"application/json; charset=UTF-8","vary":"X-Origin, Referer, Origin,Accept-Encoding","date":"Sun, 30 Aug 2020 11:24:46 GMT","server":"ESF","cache-control":"private","x-xss-protection":"0","x-frame-options":"SAMEORIGIN","x-content-type-options":"nosniff","alt-svc":"h3-29=\":443\"; ma=2592000,h3-27=\":443\"; ma=2592000,h3-T051=\":443\"; ma=2592000,h3-T050=\":443\"; ma=2592000,h3-Q050=\":443\"; ma=2592000,h3-Q046=\":443\"; ma=2592000,h3-Q043=\":443\"; ma=2592000,quic=\":443\"; ma=2592000; v=\"46,43\"","accept-ranges":"none","transfer-encoding":"chunked"}
[debug] [2020-08-30T11:24:45.462Z] >>> HTTP REQUEST GET https://cloudfunctions.googleapis.com/v1/operations/aW52b2ljZS1wcm9jZXNzaW5nLXdlYmFwcC91cy1jZW50cmFsMS9tYWtlUE5HLzBQdDhtT1JvMlRN  
 
[debug] [2020-08-30T11:24:45.931Z] <<< HTTP RESPONSE 200 {"content-type":"application/json; charset=UTF-8","vary":"X-Origin, Referer, Origin,Accept-Encoding","date":"Sun, 30 Aug 2020 11:24:49 GMT","server":"ESF","cache-control":"private","x-xss-protection":"0","x-frame-options":"SAMEORIGIN","x-content-type-options":"nosniff","alt-svc":"h3-29=\":443\"; ma=2592000,h3-27=\":443\"; ma=2592000,h3-T051=\":443\"; ma=2592000,h3-T050=\":443\"; ma=2592000,h3-Q050=\":443\"; ma=2592000,h3-Q046=\":443\"; ma=2592000,h3-Q043=\":443\"; ma=2592000,quic=\":443\"; ma=2592000; v=\"46,43\"","accept-ranges":"none","transfer-encoding":"chunked"}
[debug] [2020-08-30T11:24:47.932Z] >>> HTTP REQUEST GET https://cloudfunctions.googleapis.com/v1/operations/aW52b2ljZS1wcm9jZXNzaW5nLXdlYmFwcC91cy1jZW50cmFsMS9tYWtlUE5HLzBQdDhtT1JvMlRN  
 
[debug] [2020-08-30T11:24:48.410Z] <<< HTTP RESPONSE 200 {"content-type":"application/json; charset=UTF-8","vary":"X-Origin, Referer, Origin,Accept-Encoding","date":"Sun, 30 Aug 2020 11:24:51 GMT","server":"ESF","cache-control":"private","x-xss-protection":"0","x-frame-options":"SAMEORIGIN","x-content-type-options":"nosniff","alt-svc":"h3-29=\":443\"; ma=2592000,h3-27=\":443\"; ma=2592000,h3-T051=\":443\"; ma=2592000,h3-T050=\":443\"; ma=2592000,h3-Q050=\":443\"; ma=2592000,h3-Q046=\":443\"; ma=2592000,h3-Q043=\":443\"; ma=2592000,quic=\":443\"; ma=2592000; v=\"46,43\"","accept-ranges":"none","transfer-encoding":"chunked"}
[debug] [2020-08-30T11:24:50.412Z] >>> HTTP REQUEST GET https://cloudfunctions.googleapis.com/v1/operations/aW52b2ljZS1wcm9jZXNzaW5nLXdlYmFwcC91cy1jZW50cmFsMS9tYWtlUE5HLzBQdDhtT1JvMlRN  
 
[debug] [2020-08-30T11:24:50.886Z] <<< HTTP RESPONSE 200 {"content-type":"application/json; charset=UTF-8","vary":"X-Origin, Referer, Origin,Accept-Encoding","date":"Sun, 30 Aug 2020 11:24:53 GMT","server":"ESF","cache-control":"private","x-xss-protection":"0","x-frame-options":"SAMEORIGIN","x-content-type-options":"nosniff","alt-svc":"h3-29=\":443\"; ma=2592000,h3-27=\":443\"; ma=2592000,h3-T051=\":443\"; ma=2592000,h3-T050=\":443\"; ma=2592000,h3-Q050=\":443\"; ma=2592000,h3-Q046=\":443\"; ma=2592000,h3-Q043=\":443\"; ma=2592000,quic=\":443\"; ma=2592000; v=\"46,43\"","accept-ranges":"none","transfer-encoding":"chunked"}
[debug] [2020-08-30T11:24:52.888Z] >>> HTTP REQUEST GET https://cloudfunctions.googleapis.com/v1/operations/aW52b2ljZS1wcm9jZXNzaW5nLXdlYmFwcC91cy1jZW50cmFsMS9tYWtlUE5HLzBQdDhtT1JvMlRN  
 
[debug] [2020-08-30T11:24:53.379Z] <<< HTTP RESPONSE 200 {"content-type":"application/json; charset=UTF-8","vary":"X-Origin, Referer, Origin,Accept-Encoding","date":"Sun, 30 Aug 2020 11:24:56 GMT","server":"ESF","cache-control":"private","x-xss-protection":"0","x-frame-options":"SAMEORIGIN","x-content-type-options":"nosniff","alt-svc":"h3-29=\":443\"; ma=2592000,h3-27=\":443\"; ma=2592000,h3-T051=\":443\"; ma=2592000,h3-T050=\":443\"; ma=2592000,h3-Q050=\":443\"; ma=2592000,h3-Q046=\":443\"; ma=2592000,h3-Q043=\":443\"; ma=2592000,quic=\":443\"; ma=2592000; v=\"46,43\"","accept-ranges":"none","transfer-encoding":"chunked"}
